2026-02-26 15:28:17,389 | INFO | APP STARTED - LOGGER WORKING
2026-02-26 15:28:18,518 | INFO | APP STARTED - LOGGER WORKING
2026-02-26 15:30:57,164 | INFO | GET | /docs | 200
2026-02-26 15:30:57,957 | INFO | GET | /openapi.json | 200
2026-02-26 15:31:03,080 | INFO | TEST LOG - get_databases called
2026-02-26 15:31:03,111 | INFO | Fetched Databases
2026-02-26 15:31:03,113 | INFO | GET | /databases | 200
2026-02-26 15:31:05,611 | INFO | TEST LOG - get_databases called
2026-02-26 15:31:05,615 | INFO | Fetched Databases
2026-02-26 15:31:05,617 | INFO | GET | /databases | 200
2026-02-26 15:39:17,592 | INFO | APP STARTED - LOGGER WORKING
2026-02-26 15:39:19,913 | INFO | APP STARTED - LOGGER WORKING
2026-02-26 15:39:37,138 | INFO | TEST LOG - get_databases called
2026-02-26 15:39:37,141 | INFO | Fetched Databases
2026-02-26 15:39:37,142 | INFO | GET | /databases | 200
2026-02-26 15:39:50,503 | INFO | TEST LOG - get_databases called
2026-02-26 15:39:50,505 | INFO | Fetched Databases
2026-02-26 15:39:50,507 | INFO | GET | /databases | 200
2026-02-26 15:39:50,629 | INFO | TEST LOG - get_databases called
2026-02-26 15:39:50,630 | INFO | Fetched Databases
2026-02-26 15:39:50,631 | INFO | GET | /databases | 200
2026-02-26 15:39:50,847 | INFO | TEST LOG - get_databases called
2026-02-26 15:39:50,850 | INFO | Fetched Databases
2026-02-26 15:39:50,851 | INFO | GET | /databases | 200
2026-02-26 15:39:51,224 | INFO | TEST LOG - get_databases called
2026-02-26 15:39:51,225 | INFO | Fetched Databases
2026-02-26 15:39:51,226 | INFO | GET | /databases | 200
2026-02-26 15:39:51,354 | INFO | TEST LOG - get_databases called
2026-02-26 15:39:51,357 | INFO | Fetched Databases
2026-02-26 15:39:51,358 | INFO | GET | /databases | 200
2026-02-26 15:39:51,495 | INFO | TEST LOG - get_databases called
2026-02-26 15:39:51,497 | INFO | Fetched Databases
2026-02-26 15:39:51,498 | INFO | GET | /databases | 200
2026-02-26 15:39:51,681 | INFO | TEST LOG - get_databases called
2026-02-26 15:39:51,683 | INFO | Fetched Databases
2026-02-26 15:39:51,685 | INFO | GET | /databases | 200
2026-02-26 15:40:36,153 | INFO | APP STARTED - LOGGER WORKING
2026-02-26 15:40:37,072 | INFO | APP STARTED - LOGGER WORKING
2026-02-26 15:40:48,031 | INFO | APP STARTED - LOGGER WORKING
2026-02-26 15:40:49,435 | INFO | APP STARTED - LOGGER WORKING
2026-02-26 15:40:54,167 | INFO | TEST LOG - get_databases called
2026-02-26 15:40:54,219 | INFO | Fetched Databases
2026-02-26 15:40:54,220 | INFO | GET | /databases | 200
2026-02-26 15:41:15,230 | ERROR | Collection Error: database names cannot contain the character ' '
2026-02-26 15:41:15,230 | INFO | GET | /collections/    | 500
2026-02-26 15:41:25,269 | INFO | Fetched Collections from gs
2026-02-26 15:41:25,270 | INFO | GET | /collections/gs | 200
2026-02-26 16:09:14,335 | INFO | Fetched Collections from gs
2026-02-26 16:09:14,338 | INFO | GET | /collections/gs | 200
2026-02-26 16:09:22,101 | INFO | Fetched Collections from testdb
2026-02-26 16:09:22,102 | INFO | GET | /collections/testdb | 200
2026-02-26 16:10:40,341 | INFO | Fetched Documents from testdb.user
2026-02-26 16:10:40,342 | INFO | GET | /data/testdb/user | 200
2026-02-26 16:10:46,596 | INFO | Fetched Documents from testdb.user
2026-02-26 16:10:46,597 | INFO | GET | /data/testdb/user | 200
2026-02-26 16:10:49,848 | INFO | Fetched Documents from testdb.users
2026-02-26 16:10:49,848 | INFO | GET | /data/testdb/users | 200
2026-02-26 16:13:34,183 | INFO | GET | /docs | 200
2026-02-26 16:13:34,308 | INFO | GET | /openapi.json | 200
2026-02-26 16:13:41,070 | INFO | TEST LOG - get_databases called
2026-02-26 16:13:41,072 | INFO | Fetched Databases
2026-02-26 16:13:41,073 | INFO | GET | /databases | 200
2026-02-26 16:14:12,804 | INFO | GET | /docs | 200
2026-02-26 16:14:12,984 | INFO | GET | /openapi.json | 200
2026-02-26 16:14:18,540 | INFO | TEST LOG - get_databases called
2026-02-26 16:14:18,544 | INFO | Fetched Databases
2026-02-26 16:14:18,545 | INFO | GET | /databases | 200
2026-02-26 16:19:05,895 | INFO | GET | /docs | 200
2026-02-26 16:19:06,047 | INFO | GET | /openapi.json | 200
2026-02-26 16:19:11,049 | INFO | TEST LOG - get_databases called
2026-02-26 16:19:11,074 | INFO | Fetched Databases
2026-02-26 16:19:11,075 | INFO | GET | /databases | 200
2026-02-26 16:20:20,883 | INFO | GET | /docs | 200
2026-02-26 16:20:20,951 | INFO | GET | /openapi.json | 200
2026-02-26 16:20:24,378 | INFO | TEST LOG - get_databases called
2026-02-26 16:20:24,388 | INFO | Fetched Databases
2026-02-26 16:20:24,389 | INFO | GET | /databases | 200
2026-02-26 16:20:39,928 | INFO | Fetched Collections from testdb
2026-02-26 16:20:39,934 | INFO | GET | /collections/testdb | 200
2026-02-26 16:23:10,129 | INFO | Fetched Documents from testdb.users
2026-02-26 16:23:10,130 | INFO | GET | /data/testdb/users | 200
2026-02-26 16:36:56,866 | INFO | GET | /docs | 200
2026-02-26 16:36:57,223 | INFO | GET | /openapi.json | 200
2026-02-26 16:37:03,819 | INFO | TEST LOG - get_databases called
2026-02-26 16:37:03,822 | INFO | Fetched Databases
2026-02-26 16:37:03,825 | INFO | GET | /databases | 200
2026-02-26 16:37:22,398 | INFO | TEST LOG - get_databases called
2026-02-26 16:37:22,399 | INFO | Fetched Databases
2026-02-26 16:37:22,400 | INFO | GET | /databases | 200
2026-02-26 16:39:22,513 | INFO | GET | /docs | 200
2026-02-26 16:39:22,683 | INFO | GET | /openapi.json | 200
2026-02-26 16:39:26,619 | INFO | TEST LOG - get_databases called
2026-02-26 16:39:26,624 | INFO | Fetched Databases
2026-02-26 16:39:26,626 | INFO | GET | /databases | 200
2026-02-26 16:39:45,412 | INFO | GET | /docs | 200
2026-02-26 16:39:45,487 | INFO | GET | /openapi.json | 200
2026-02-26 16:39:49,375 | INFO | TEST LOG - get_databases called
2026-02-26 16:39:49,379 | INFO | Fetched Databases
2026-02-26 16:39:49,381 | INFO | GET | /databases | 200
2026-02-26 16:39:52,815 | INFO | GET | /docs | 200
2026-02-26 16:39:53,162 | INFO | GET | /openapi.json | 200
2026-02-26 16:39:59,245 | INFO | TEST LOG - get_databases called
2026-02-26 16:39:59,252 | INFO | Fetched Databases
2026-02-26 16:39:59,255 | INFO | GET | /databases | 200
2026-02-26 16:40:55,781 | INFO | GET | /docs | 200
2026-02-26 16:40:56,093 | INFO | GET | /openapi.json | 200
2026-02-26 16:41:00,973 | INFO | TEST LOG - get_databases called
2026-02-26 16:41:00,981 | INFO | Fetched Databases
2026-02-26 16:41:00,983 | INFO | GET | /databases | 200
2026-02-26 16:44:10,068 | INFO | GET | /docs | 200
2026-02-26 16:44:10,416 | INFO | GET | /openapi.json | 200
2026-02-26 16:44:14,664 | INFO | TEST LOG - get_databases called
2026-02-26 16:44:14,668 | INFO | Fetched Databases
2026-02-26 16:44:14,671 | INFO | GET | /databases | 200
2026-02-26 16:46:11,752 | INFO | GET | /docs | 200
2026-02-26 16:46:11,989 | INFO | GET | /openapi.json | 200
2026-02-26 16:46:19,163 | INFO | TEST LOG - get_databases called
2026-02-26 16:46:19,195 | INFO | Fetched Databases
2026-02-26 16:46:19,197 | INFO | GET | /databases | 200
2026-02-26 17:08:07,363 | INFO | GET | /docs | 200
2026-02-26 17:08:07,715 | INFO | GET | /openapi.json | 200
2026-02-26 17:08:30,109 | INFO | Fetched Documents from testdb.users
2026-02-26 17:08:30,112 | INFO | GET | /data/testdb/users | 200
2026-02-26 17:09:08,592 | INFO | GET | /docs | 200
2026-02-26 17:09:08,762 | INFO | GET | /openapi.json | 200
2026-02-26 17:09:15,630 | INFO | GET | /docs | 200
2026-02-26 17:09:15,754 | INFO | GET | /openapi.json | 200
2026-02-26 17:12:25,610 | INFO | GET | /docs | 200
2026-02-26 17:12:25,743 | INFO | GET | /openapi.json | 200
2026-02-26 17:22:04,648 | INFO | GET | /docs | 200
2026-02-26 17:22:04,891 | INFO | GET | /openapi.json | 200
2026-02-26 17:22:46,305 | INFO | TEST LOG - get_databases called
2026-02-26 17:22:46,326 | INFO | Fetched Databases
2026-02-26 17:22:46,327 | INFO | GET | /databases | 200
2026-02-26 17:23:07,866 | INFO | Fetched Documents from testdb.users
2026-02-26 17:23:07,867 | INFO | GET | /data/testdb/users | 200
2026-02-26 17:24:40,705 | INFO | POST | /data/testdb/users | 422
2026-02-26 17:25:02,266 | INFO | Inserted Document in testdb.users
2026-02-26 17:25:02,267 | INFO | POST | /data/testdb/users | 200
2026-02-26 17:25:16,449 | INFO | TEST LOG - get_databases called
2026-02-26 17:25:16,450 | INFO | Fetched Databases
2026-02-26 17:25:16,451 | INFO | GET | /databases | 200
2026-02-26 17:25:26,815 | INFO | Fetched Documents from testdb.users
2026-02-26 17:25:26,816 | INFO | GET | /data/testdb/users | 200
2026-02-27 12:24:41,468 | INFO | GET | /docs | 200
2026-02-27 12:24:41,666 | INFO | GET | /openapi.json | 200
2026-02-27 12:24:47,365 | INFO | TEST LOG - get_databases called
2026-02-27 12:24:47,371 | INFO | Fetched Databases
2026-02-27 12:24:47,371 | INFO | GET | /databases | 200
